Arguments: 
  /usr/local/bin/node /opt/yarn-v1.22.19/bin/yarn.js install

PATH: 
  /project/home/pitcher-host/.nix-profile/bin:/nix/var/nix/profiles/default/bin:/project/home/pitcher-host/.local/state/fnm_multishells/1009_1678643543692/bin:/usr/share/fnm:/usr/local/sbin:/usr/local/bin:/usr/sbin:/usr/bin:/sbin:/bin

Yarn version: 
  1.22.19

Node version: 
  16.17.0

Platform: 
  linux x64

Trace: 
  Error: https://registry.yarnpkg.com/redux-saga%2feffects: Request "https://registry.yarnpkg.com/redux-saga%2feffects" returned a 405
      at Request.params.callback [as _callback] (/opt/yarn-v1.22.19/lib/cli.js:66154:18)
      at Request.self.callback (/opt/yarn-v1.22.19/lib/cli.js:140890:22)
      at Request.emit (node:events:513:28)
      at Request.<anonymous> (/opt/yarn-v1.22.19/lib/cli.js:141862:10)
      at Request.emit (node:events:513:28)
      at IncomingMessage.<anonymous> (/opt/yarn-v1.22.19/lib/cli.js:141784:12)
      at Object.onceWrapper (node:events:627:28)
      at IncomingMessage.emit (node:events:525:35)
      at endReadableNT (node:internal/streams/readable:1358:12)
      at processTicksAndRejections (node:internal/process/task_queues:83:21)

npm manifest: 
  {
    "name": "redux-saga-sandbox",
    "version": "0.0.0",
    "private": true,
    "main": "index.ts",
    "dependencies": {
      "@types/redux-saga": "^0.10.5",
      "eventemitter3": "^5.0.0",
      "lighterhtml": "^4.2.0",
      "redux-saga": "^1.2.2",
      "redux-saga/effects": "*"
    }
  }

yarn manifest: 
  No manifest

Lockfile: 
  No lockfile
